This is pdfTeX, Version 3.1415926-1.40.10 (TeX Live/MacPorts 2009_6) (format=pdflatex 2010.9.7)  12 DEC 2010 15:43
entering extended mode
 %&-line parsing enabled.
**Relatorio.tex
(./Relatorio.tex
LaTeX2e <2009/09/24>
Babel <v3.8l> and hyphenation patterns for english, usenglishmax, dumylang, noh
yphenation, loaded.
(/opt/local/share/texmf-texlive-dist/tex/latex/base/report.cls
Document Class: report 2007/10/19 v1.4h Standard LaTeX document class
(/opt/local/share/texmf-texlive-dist/tex/latex/base/size10.clo
File: size10.clo 2007/10/19 v1.4h Standard LaTeX file (size option)
)
\c@part=\count79
\c@chapter=\count80
\c@section=\count81
\c@subsection=\count82
\c@subsubsection=\count83
\c@paragraph=\count84
\c@subparagraph=\count85
\c@figure=\count86
\c@table=\count87
\abovecaptionskip=\skip41
\belowcaptionskip=\skip42
\bibindent=\dimen102
)
(/opt/local/share/texmf-texlive-dist/tex/generic/babel/babel.sty
Package: babel 2008/07/06 v3.8l The Babel package

(/opt/local/share/texmf-texlive-dist/tex/generic/babel/english.ldf
Language: english 2005/03/30 v3.3o English support from the babel system

(/opt/local/share/texmf-texlive-dist/tex/generic/babel/babel.def
File: babel.def 2008/07/06 v3.8l Babel common definitions
\babel@savecnt=\count88
\U@D=\dimen103
)
\l@british = a dialect from \language\l@english 
\l@UKenglish = a dialect from \language\l@english 
\l@canadian = a dialect from \language\l@american 
\l@australian = a dialect from \language\l@british 
\l@newzealand = a dialect from \language\l@british 
)
(/opt/local/share/texmf-texlive-dist/tex/generic/babel/portuges.ldf
Language: portuges 2008/03/18 v1.2q Portuguese support from the babel system


Package babel Warning: No hyphenation patterns were loaded for
(babel)                the language `Portuguese'
(babel)                I will use the patterns loaded for \language=0 instead.

\l@portuges = a dialect from \language0
Package babel Info: Making " an active character on input line 145.
)) (/opt/local/share/texmf-texlive-dist/tex/latex/base/inputenc.sty
Package: inputenc 2008/03/30 v1.1d Input encoding file
\inpenc@prehook=\toks14
\inpenc@posthook=\toks15

(/opt/local/share/texmf-texlive-dist/tex/latex/base/utf8.def
File: utf8.def 2008/04/05 v1.1m UTF-8 support for inputenc
Now handling font encoding OML ...
... no UTF-8 mapping file for font encoding OML
Now handling font encoding T1 ...
... processing UTF-8 mapping file for font encoding T1

(/opt/local/share/texmf-texlive-dist/tex/latex/base/t1enc.dfu
File: t1enc.dfu 2008/04/05 v1.1m UTF-8 support for inputenc
   defining Unicode char U+00A1 (decimal 161)
   defining Unicode char U+00A3 (decimal 163)
   defining Unicode char U+00AB (decimal 171)
   defining Unicode char U+00BB (decimal 187)
   defining Unicode char U+00BF (decimal 191)
   defining Unicode char U+00C0 (decimal 192)
   defining Unicode char U+00C1 (decimal 193)
   defining Unicode char U+00C2 (decimal 194)
   defining Unicode char U+00C3 (decimal 195)
   defining Unicode char U+00C4 (decimal 196)
   defining Unicode char U+00C5 (decimal 197)
   defining Unicode char U+00C6 (decimal 198)
   defining Unicode char U+00C7 (decimal 199)
   defining Unicode char U+00C8 (decimal 200)
   defining Unicode char U+00C9 (decimal 201)
   defining Unicode char U+00CA (decimal 202)
   defining Unicode char U+00CB (decimal 203)
   defining Unicode char U+00CC (decimal 204)
   defining Unicode char U+00CD (decimal 205)
   defining Unicode char U+00CE (decimal 206)
   defining Unicode char U+00CF (decimal 207)
   defining Unicode char U+00D0 (decimal 208)
   defining Unicode char U+00D1 (decimal 209)
   defining Unicode char U+00D2 (decimal 210)
   defining Unicode char U+00D3 (decimal 211)
   defining Unicode char U+00D4 (decimal 212)
   defining Unicode char U+00D5 (decimal 213)
   defining Unicode char U+00D6 (decimal 214)
   defining Unicode char U+00D8 (decimal 216)
   defining Unicode char U+00D9 (decimal 217)
   defining Unicode char U+00DA (decimal 218)
   defining Unicode char U+00DB (decimal 219)
   defining Unicode char U+00DC (decimal 220)
   defining Unicode char U+00DD (decimal 221)
   defining Unicode char U+00DE (decimal 222)
   defining Unicode char U+00DF (decimal 223)
   defining Unicode char U+00E0 (decimal 224)
   defining Unicode char U+00E1 (decimal 225)
   defining Unicode char U+00E2 (decimal 226)
   defining Unicode char U+00E3 (decimal 227)
   defining Unicode char U+00E4 (decimal 228)
   defining Unicode char U+00E5 (decimal 229)
   defining Unicode char U+00E6 (decimal 230)
   defining Unicode char U+00E7 (decimal 231)
   defining Unicode char U+00E8 (decimal 232)
   defining Unicode char U+00E9 (decimal 233)
   defining Unicode char U+00EA (decimal 234)
   defining Unicode char U+00EB (decimal 235)
   defining Unicode char U+00EC (decimal 236)
   defining Unicode char U+00ED (decimal 237)
   defining Unicode char U+00EE (decimal 238)
   defining Unicode char U+00EF (decimal 239)
   defining Unicode char U+00F0 (decimal 240)
   defining Unicode char U+00F1 (decimal 241)
   defining Unicode char U+00F2 (decimal 242)
   defining Unicode char U+00F3 (decimal 243)
   defining Unicode char U+00F4 (decimal 244)
   defining Unicode char U+00F5 (decimal 245)
   defining Unicode char U+00F6 (decimal 246)
   defining Unicode char U+00F8 (decimal 248)
   defining Unicode char U+00F9 (decimal 249)
   defining Unicode char U+00FA (decimal 250)
   defining Unicode char U+00FB (decimal 251)
   defining Unicode char U+00FC (decimal 252)
   defining Unicode char U+00FD (decimal 253)
   defining Unicode char U+00FE (decimal 254)
   defining Unicode char U+00FF (decimal 255)
   defining Unicode char U+0102 (decimal 258)
   defining Unicode char U+0103 (decimal 259)
   defining Unicode char U+0104 (decimal 260)
   defining Unicode char U+0105 (decimal 261)
   defining Unicode char U+0106 (decimal 262)
   defining Unicode char U+0107 (decimal 263)
   defining Unicode char U+010C (decimal 268)
   defining Unicode char U+010D (decimal 269)
   defining Unicode char U+010E (decimal 270)
   defining Unicode char U+010F (decimal 271)
   defining Unicode char U+0110 (decimal 272)
   defining Unicode char U+0111 (decimal 273)
   defining Unicode char U+0118 (decimal 280)
   defining Unicode char U+0119 (decimal 281)
   defining Unicode char U+011A (decimal 282)
   defining Unicode char U+011B (decimal 283)
   defining Unicode char U+011E (decimal 286)
   defining Unicode char U+011F (decimal 287)
   defining Unicode char U+0130 (decimal 304)
   defining Unicode char U+0131 (decimal 305)
   defining Unicode char U+0132 (decimal 306)
   defining Unicode char U+0133 (decimal 307)
   defining Unicode char U+0139 (decimal 313)
   defining Unicode char U+013A (decimal 314)
   defining Unicode char U+013D (decimal 317)
   defining Unicode char U+013E (decimal 318)
   defining Unicode char U+0141 (decimal 321)
   defining Unicode char U+0142 (decimal 322)
   defining Unicode char U+0143 (decimal 323)
   defining Unicode char U+0144 (decimal 324)
   defining Unicode char U+0147 (decimal 327)
   defining Unicode char U+0148 (decimal 328)
   defining Unicode char U+014A (decimal 330)
   defining Unicode char U+014B (decimal 331)
   defining Unicode char U+0150 (decimal 336)
   defining Unicode char U+0151 (decimal 337)
   defining Unicode char U+0152 (decimal 338)
   defining Unicode char U+0153 (decimal 339)
   defining Unicode char U+0154 (decimal 340)
   defining Unicode char U+0155 (decimal 341)
   defining Unicode char U+0158 (decimal 344)
   defining Unicode char U+0159 (decimal 345)
   defining Unicode char U+015A (decimal 346)
   defining Unicode char U+015B (decimal 347)
   defining Unicode char U+015E (decimal 350)
   defining Unicode char U+015F (decimal 351)
   defining Unicode char U+0160 (decimal 352)
   defining Unicode char U+0161 (decimal 353)
   defining Unicode char U+0162 (decimal 354)
   defining Unicode char U+0163 (decimal 355)
   defining Unicode char U+0164 (decimal 356)
   defining Unicode char U+0165 (decimal 357)
   defining Unicode char U+016E (decimal 366)
   defining Unicode char U+016F (decimal 367)
   defining Unicode char U+0170 (decimal 368)
   defining Unicode char U+0171 (decimal 369)
   defining Unicode char U+0178 (decimal 376)
   defining Unicode char U+0179 (decimal 377)
   defining Unicode char U+017A (decimal 378)
   defining Unicode char U+017B (decimal 379)
   defining Unicode char U+017C (decimal 380)
   defining Unicode char U+017D (decimal 381)
   defining Unicode char U+017E (decimal 382)
   defining Unicode char U+200C (decimal 8204)
   defining Unicode char U+2013 (decimal 8211)
   defining Unicode char U+2014 (decimal 8212)
   defining Unicode char U+2018 (decimal 8216)
   defining Unicode char U+2019 (decimal 8217)
   defining Unicode char U+201A (decimal 8218)
   defining Unicode char U+201C (decimal 8220)
   defining Unicode char U+201D (decimal 8221)
   defining Unicode char U+201E (decimal 8222)
   defining Unicode char U+2030 (decimal 8240)
   defining Unicode char U+2031 (decimal 8241)
   defining Unicode char U+2039 (decimal 8249)
   defining Unicode char U+203A (decimal 8250)
   defining Unicode char U+2423 (decimal 9251)
)
Now handling font encoding OT1 ...
... processing UTF-8 mapping file for font encoding OT1

(/opt/local/share/texmf-texlive-dist/tex/latex/base/ot1enc.dfu
File: ot1enc.dfu 2008/04/05 v1.1m UTF-8 support for inputenc
   defining Unicode char U+00A1 (decimal 161)
   defining Unicode char U+00A3 (decimal 163)
   defining Unicode char U+00B8 (decimal 184)
   defining Unicode char U+00BF (decimal 191)
   defining Unicode char U+00C5 (decimal 197)
   defining Unicode char U+00C6 (decimal 198)
   defining Unicode char U+00D8 (decimal 216)
   defining Unicode char U+00DF (decimal 223)
   defining Unicode char U+00E6 (decimal 230)
   defining Unicode char U+00EC (decimal 236)
   defining Unicode char U+00ED (decimal 237)
   defining Unicode char U+00EE (decimal 238)
   defining Unicode char U+00EF (decimal 239)
   defining Unicode char U+00F8 (decimal 248)
   defining Unicode char U+0131 (decimal 305)
   defining Unicode char U+0141 (decimal 321)
   defining Unicode char U+0142 (decimal 322)
   defining Unicode char U+0152 (decimal 338)
   defining Unicode char U+0153 (decimal 339)
   defining Unicode char U+2013 (decimal 8211)
   defining Unicode char U+2014 (decimal 8212)
   defining Unicode char U+2018 (decimal 8216)
   defining Unicode char U+2019 (decimal 8217)
   defining Unicode char U+201C (decimal 8220)
   defining Unicode char U+201D (decimal 8221)
)
Now handling font encoding OMS ...
... processing UTF-8 mapping file for font encoding OMS

(/opt/local/share/texmf-texlive-dist/tex/latex/base/omsenc.dfu
File: omsenc.dfu 2008/04/05 v1.1m UTF-8 support for inputenc
   defining Unicode char U+00A7 (decimal 167)
   defining Unicode char U+00B6 (decimal 182)
   defining Unicode char U+00B7 (decimal 183)
   defining Unicode char U+2020 (decimal 8224)
   defining Unicode char U+2021 (decimal 8225)
   defining Unicode char U+2022 (decimal 8226)
)
Now handling font encoding OMX ...
... no UTF-8 mapping file for font encoding OMX
Now handling font encoding U ...
... no UTF-8 mapping file for font encoding U
   defining Unicode char U+00A9 (decimal 169)
   defining Unicode char U+00AA (decimal 170)
   defining Unicode char U+00AE (decimal 174)
   defining Unicode char U+00BA (decimal 186)
   defining Unicode char U+02C6 (decimal 710)
   defining Unicode char U+02DC (decimal 732)
   defining Unicode char U+200C (decimal 8204)
   defining Unicode char U+2026 (decimal 8230)
   defining Unicode char U+2122 (decimal 8482)
   defining Unicode char U+2423 (decimal 9251)
))
(/opt/local/share/texmf-texlive-dist/tex/latex/base/fontenc.sty
Package: fontenc 2005/09/27 v1.99g Standard LaTeX package

(/opt/local/share/texmf-texlive-dist/tex/latex/base/t1enc.def
File: t1enc.def 2005/09/27 v1.99g Standard LaTeX file
LaTeX Font Info:    Redeclaring font encoding T1 on input line 43.
))
(/opt/local/share/texmf-texlive-dist/tex/latex/graphics/color.sty
Package: color 2005/11/14 v1.0j Standard LaTeX Color (DPC)

(/opt/local/share/texmf-texlive-dist/tex/latex/latexconfig/color.cfg
File: color.cfg 2007/01/18 v1.5 color configuration of teTeX/TeXLive
)
Package color Info: Driver file: pdftex.def on input line 130.

(/opt/local/share/texmf-texlive-dist/tex/latex/pdftex-def/pdftex.def
File: pdftex.def 2009/08/25 v0.04m Graphics/color for pdfTeX
\Gread@gobject=\count89
))
(/opt/local/share/texmf-texlive-dist/tex/latex/graphics/graphicx.sty
Package: graphicx 1999/02/16 v1.0f Enhanced LaTeX Graphics (DPC,SPQR)

(/opt/local/share/texmf-texlive-dist/tex/latex/graphics/keyval.sty
Package: keyval 1999/03/16 v1.13 key=value parser (DPC)
\KV@toks@=\toks16
)
(/opt/local/share/texmf-texlive-dist/tex/latex/graphics/graphics.sty
Package: graphics 2009/02/05 v1.0o Standard LaTeX Graphics (DPC,SPQR)

(/opt/local/share/texmf-texlive-dist/tex/latex/graphics/trig.sty
Package: trig 1999/03/16 v1.09 sin cos tan (DPC)
)
(/opt/local/share/texmf-texlive-dist/tex/latex/latexconfig/graphics.cfg
File: graphics.cfg 2009/08/28 v1.8 graphics configuration of TeX Live
)
Package graphics Info: Driver file: pdftex.def on input line 91.
)
\Gin@req@height=\dimen104
\Gin@req@width=\dimen105
)
(/opt/local/share/texmf-texlive-dist/tex/latex/hyperref/hyperref.sty
Package: hyperref 2009/10/09 v6.79a Hypertext links for LaTeX

(/opt/local/share/texmf-texlive-dist/tex/generic/oberdiek/ifpdf.sty
Package: ifpdf 2009/04/10 v2.0 Provides the ifpdf switch (HO)
Package ifpdf Info: pdfTeX in pdf mode detected.
)
(/opt/local/share/texmf-texlive-dist/tex/generic/oberdiek/ifvtex.sty
Package: ifvtex 2008/11/04 v1.4 Switches for detecting VTeX and its modes (HO)
Package ifvtex Info: VTeX not detected.
)
(/opt/local/share/texmf-texlive-dist/tex/generic/ifxetex/ifxetex.sty
Package: ifxetex 2009/01/23 v0.5 Provides ifxetex conditional
)
(/opt/local/share/texmf-texlive-dist/tex/latex/oberdiek/hycolor.sty
Package: hycolor 2009/10/02 v1.5 Code for color options of hyperref/bookmark (H
O)

(/opt/local/share/texmf-texlive-dist/tex/latex/oberdiek/xcolor-patch.sty
Package: xcolor-patch 2009/10/02 xcolor patch
))
\@linkdim=\dimen106
\Hy@linkcounter=\count90
\Hy@pagecounter=\count91

(/opt/local/share/texmf-texlive-dist/tex/latex/hyperref/pd1enc.def
File: pd1enc.def 2009/10/09 v6.79a Hyperref: PDFDocEncoding definition (HO)
Now handling font encoding PD1 ...
... no UTF-8 mapping file for font encoding PD1
)
(/opt/local/share/texmf-texlive-dist/tex/generic/oberdiek/etexcmds.sty
Package: etexcmds 2007/12/12 v1.2 Prefix for e-TeX command names (HO)

(/opt/local/share/texmf-texlive-dist/tex/generic/oberdiek/infwarerr.sty
Package: infwarerr 2007/09/09 v1.2 Providing info/warning/message (HO)
)
Package etexcmds Info: Could not find \expanded.
(etexcmds)             That can mean that you are not using pdfTeX 1.50 or
(etexcmds)             that some package has redefined \expanded.
(etexcmds)             In the latter case, load this package earlier.
)
(/opt/local/share/texmf-texlive-dist/tex/latex/latexconfig/hyperref.cfg
File: hyperref.cfg 2002/06/06 v1.2 hyperref configuration of TeXLive
)
(/opt/local/share/texmf-texlive-dist/tex/latex/oberdiek/kvoptions.sty
Package: kvoptions 2009/08/13 v3.4 Keyval support for LaTeX options (HO)

(/opt/local/share/texmf-texlive-dist/tex/generic/oberdiek/kvsetkeys.sty
Package: kvsetkeys 2009/07/30 v1.5 Key value parser with default handler suppor
t (HO)
))
Package hyperref Info: Option `bookmarks' set `true' on input line 2864.
Package hyperref Info: Option `colorlinks' set `true' on input line 2864.
Package hyperref Info: Hyper figures OFF on input line 2975.
Package hyperref Info: Link nesting OFF on input line 2980.
Package hyperref Info: Hyper index ON on input line 2983.
Package hyperref Info: Plain pages OFF on input line 2990.
Package hyperref Info: Backreferencing OFF on input line 2995.

Implicit mode ON; LaTeX internals redefined
Package hyperref Info: Bookmarks ON on input line 3191.
(/opt/local/share/texmf-texlive-dist/tex/latex/ltxmisc/url.sty
\Urlmuskip=\muskip10
Package: url 2006/04/12  ver 3.3  Verb mode for urls, etc.
)
LaTeX Info: Redefining \url on input line 3428.

(/opt/local/share/texmf-texlive-dist/tex/generic/oberdiek/bitset.sty
Package: bitset 2007/09/28 v1.0 Data type bit set (HO)

(/opt/local/share/texmf-texlive-dist/tex/generic/oberdiek/intcalc.sty
Package: intcalc 2007/09/27 v1.1 Expandable integer calculations (HO)
)
(/opt/local/share/texmf-texlive-dist/tex/generic/oberdiek/bigintcalc.sty
Package: bigintcalc 2007/11/11 v1.1 Expandable big integer calculations (HO)

(/opt/local/share/texmf-texlive-dist/tex/generic/oberdiek/pdftexcmds.sty
Package: pdftexcmds 2009/09/23 v0.6 LuaTeX support for pdfTeX utility functions
 (HO)

(/opt/local/share/texmf-texlive-dist/tex/generic/oberdiek/ifluatex.sty
Package: ifluatex 2009/04/17 v1.2 Provides the ifluatex switch (HO)
Package ifluatex Info: LuaTeX not detected.
)
(/opt/local/share/texmf-texlive-dist/tex/generic/oberdiek/ltxcmds.sty
Package: ltxcmds 2009/08/05 v1.0 Some LaTeX kernel commands for general use (HO
)
)
Package pdftexcmds Info: LuaTeX not detected.
Package pdftexcmds Info: \pdf@primitive is available.
Package pdftexcmds Info: \pdf@ifprimitive is available.
)))
\Fld@menulength=\count92
\Field@Width=\dimen107
\Fld@charsize=\dimen108
\Field@toks=\toks17
Package hyperref Info: Hyper figures OFF on input line 4377.
Package hyperref Info: Link nesting OFF on input line 4382.
Package hyperref Info: Hyper index ON on input line 4385.
Package hyperref Info: backreferencing OFF on input line 4392.
Package hyperref Info: Link coloring ON on input line 4395.
Package hyperref Info: Link coloring with OCG OFF on input line 4402.
Package hyperref Info: PDF/A mode OFF on input line 4407.

(/opt/local/share/texmf-texlive-dist/tex/generic/oberdiek/atbegshi.sty
Package: atbegshi 2008/07/31 v1.9 At begin shipout hook (HO)
)
\Hy@abspage=\count93
\c@Item=\count94
\c@Hfootnote=\count95
)
*hyperref using driver hpdftex*
(/opt/local/share/texmf-texlive-dist/tex/latex/hyperref/hpdftex.def
File: hpdftex.def 2009/10/09 v6.79a Hyperref driver for pdfTeX
\Fld@listcount=\count96
)
(/opt/local/share/texmf-texlive-dist/tex/latex/tools/varioref.sty
Package: varioref 2009/09/13 v1.4w package for extended references (FMi)
\c@vrcnt=\count97
)
(/opt/local/share/texmf-texlive-dist/tex/latex/fancyvrb/fancyvrb.sty
Package: fancyvrb 2008/02/07

Style option: `fancyvrb' v2.7a, with DG/SPQR fixes, and firstline=lastline fix 
<2008/02/07> (tvz)
\FV@CodeLineNo=\count98
\FV@InFile=\read1
\FV@TabBox=\box26
\c@FancyVerbLine=\count99
\FV@StepNumber=\count100
\FV@OutFile=\write3
)
(/opt/local/share/texmf-texlive-dist/tex/latex/cite/cite.sty
LaTeX Info: Redefining \cite on input line 285.
LaTeX Info: Redefining \nocite on input line 356.
Package: cite 2009/08/29  v 5.2
)
(/opt/local/share/texmf-texlive-dist/tex/latex/float/float.sty
Package: float 2001/11/08 v1.3d Float enhancements (AL)
\c@float@type=\count101
\float@exts=\toks18
\float@box=\box27
\@float@everytoks=\toks19
\@floatcapt=\box28
)
(/opt/local/share/texmf-texlive-dist/tex/latex/listings/listings.sty
\lst@mode=\count102
\lst@gtempboxa=\box29
\lst@token=\toks20
\lst@length=\count103
\lst@currlwidth=\dimen109
\lst@column=\count104
\lst@pos=\count105
\lst@lostspace=\dimen110
\lst@width=\dimen111
\lst@newlines=\count106
\lst@lineno=\count107
\lst@maxwidth=\dimen112

(/opt/local/share/texmf-texlive-dist/tex/latex/listings/lstmisc.sty
File: lstmisc.sty 2007/02/22 1.4 (Carsten Heinz)
\c@lstnumber=\count108
\lst@skipnumbers=\count109
\lst@framebox=\box30
)
(/opt/local/share/texmf-texlive-dist/tex/latex/listings/listings.cfg
File: listings.cfg 2007/02/22 1.4 listings configuration
))
Package: listings 2007/02/22 1.4 (Carsten Heinz)

(/opt/local/share/texmf-texlive-dist/tex/latex/harvard/harvard.sty
Package: harvard 

(/opt/local/share/texmf-texlive-dist/tex/latex/base/ifthen.sty
Package: ifthen 2001/05/26 v1.1c Standard LaTeX ifthen package (DPC)
))
(/opt/local/share/texmf-texlive-dist/tex/latex/geometry/geometry.sty
Package: geometry 2008/12/21 v4.2 Page Geometry
\Gm@cnth=\count110
\Gm@cntv=\count111
\c@Gm@tempcnt=\count112
\Gm@bindingoffset=\dimen113
\Gm@wd@mp=\dimen114
\Gm@odd@mp=\dimen115
\Gm@even@mp=\dimen116
\Gm@dimlist=\toks21

(/opt/local/share/texmf-texlive-dist/tex/xelatex/xetexconfig/geometry.cfg))
(/opt/local/share/texmf-texlive-dist/tex/latex/setspace/setspace.sty
Package: setspace 2000/12/01 6.7 Contributed and Supported LaTeX2e package

Package: `setspace' 6.7 <2000/12/01>
) (/opt/local/share/texmf-texlive-dist/tex/generic/thumbpdf/thumbpdf.sty
Package: thumbpdf 2008/04/16 v3.10 Inclusion of thumbnails (HO)


Package thumbpdf Warning: Thumbnail data file `Relatorio.tpt' not found.

) (/opt/local/share/texmf-texlive-dist/tex/latex/fancyhdr/fancyhdr.sty
\fancy@headwidth=\skip43
\f@ncyO@elh=\skip44
\f@ncyO@erh=\skip45
\f@ncyO@olh=\skip46
\f@ncyO@orh=\skip47
\f@ncyO@elf=\skip48
\f@ncyO@erf=\skip49
\f@ncyO@olf=\skip50
\f@ncyO@orf=\skip51
)
(/opt/local/share/texmf-texlive-dist/tex/latex/lastpage/lastpage.sty
Package: lastpage 1994/06/25 v0.1b LaTeX2e package for refs to last page number
 (JPG)
)
(/opt/local/share/texmf-texlive-dist/tex/latex/base/alltt.sty
Package: alltt 1997/06/16 v2.0g defines alltt environment
)
(/opt/local/share/texmf-texlive-dist/tex/latex/tools/verbatim.sty
Package: verbatim 2003/08/22 v1.5q LaTeX2e package for verbatim enhancements
\every@verbatim=\toks22
\verbatim@line=\toks23
\verbatim@in@stream=\read2
)
(/opt/local/share/texmf-texlive-dist/tex/generic/epsf/epsf.sty
This is `epsf.tex' v2.7.3 <23 July 2005>
\epsffilein=\read3
\epsfframemargin=\dimen117
\epsfframethickness=\dimen118
\epsfrsize=\dimen119
\epsftmp=\dimen120
\epsftsize=\dimen121
\epsfxsize=\dimen122
\epsfysize=\dimen123
\pspoints=\dimen124
) (/opt/local/share/texmf-texlive-dist/tex/latex/gloss/gloss.sty
Package: gloss 2002/07/26 1.5.2 Gloss package
\glosshang=\skip52
)
(/opt/local/share/texmf-texlive-dist/tex/latex/tools/array.sty
Package: array 2008/09/09 v2.4c Tabular extension package (FMi)
\col@sep=\dimen125
\extrarowheight=\dimen126
\NC@list=\toks24
\extratabsurround=\skip53
\backup@length=\skip54
)
(/opt/local/share/texmf-texlive-dist/tex/latex/tools/longtable.sty
Package: longtable 2004/02/01 v4.11 Multi-page Table package (DPC)
\LTleft=\skip55
\LTright=\skip56
\LTpre=\skip57
\LTpost=\skip58
\LTchunksize=\count113
\LTcapwidth=\dimen127
\LT@head=\box31
\LT@firsthead=\box32
\LT@foot=\box33
\LT@lastfoot=\box34
\LT@cols=\count114
\LT@rows=\count115
\c@LT@tables=\count116
\c@LT@chunks=\count117
\LT@p@ftn=\toks25
)
(/opt/local/share/texmf-texlive-dist/tex/latex/multirow/multirow.sty
\bigstrutjot=\dimen128
)
(/opt/local/share/texmf-texlive-dist/tex/latex/amsmath/amsmath.sty
Package: amsmath 2000/07/18 v2.13 AMS math features
\@mathmargin=\skip59

For additional information on amsmath, use the `?' option.
(/opt/local/share/texmf-texlive-dist/tex/latex/amsmath/amstext.sty
Package: amstext 2000/06/29 v2.01

(/opt/local/share/texmf-texlive-dist/tex/latex/amsmath/amsgen.sty
File: amsgen.sty 1999/11/30 v2.0
\@emptytoks=\toks26
\ex@=\dimen129
))
(/opt/local/share/texmf-texlive-dist/tex/latex/amsmath/amsbsy.sty
Package: amsbsy 1999/11/29 v1.2d
\pmbraise@=\dimen130
)
(/opt/local/share/texmf-texlive-dist/tex/latex/amsmath/amsopn.sty
Package: amsopn 1999/12/14 v2.01 operator names
)
\inf@bad=\count118
LaTeX Info: Redefining \frac on input line 211.
\uproot@=\count119
\leftroot@=\count120
LaTeX Info: Redefining \overline on input line 307.
\classnum@=\count121
\DOTSCASE@=\count122
LaTeX Info: Redefining \ldots on input line 379.
LaTeX Info: Redefining \dots on input line 382.
LaTeX Info: Redefining \cdots on input line 467.
\Mathstrutbox@=\box35
\strutbox@=\box36
\big@size=\dimen131
LaTeX Font Info:    Redeclaring font encoding OML on input line 567.
LaTeX Font Info:    Redeclaring font encoding OMS on input line 568.
\macc@depth=\count123
\c@MaxMatrixCols=\count124
\dotsspace@=\muskip11
\c@parentequation=\count125
\dspbrk@lvl=\count126
\tag@help=\toks27
\row@=\count127
\column@=\count128
\maxfields@=\count129
\andhelp@=\toks28
\eqnshift@=\dimen132
\alignsep@=\dimen133
\tagshift@=\dimen134
\tagwidth@=\dimen135
\totwidth@=\dimen136
\lineht@=\dimen137
\@envbody=\toks29
\multlinegap=\skip60
\multlinetaggap=\skip61
\mathdisplay@stack=\toks30
LaTeX Info: Redefining \[ on input line 2666.
LaTeX Info: Redefining \] on input line 2667.
)
(/opt/local/share/texmf-texlive-dist/tex/latex/amscls/amsthm.sty
Package: amsthm 2004/08/06 v2.20
\thm@style=\toks31
\thm@bodyfont=\toks32
\thm@headfont=\toks33
\thm@notefont=\toks34
\thm@headpunct=\toks35
\thm@preskip=\skip62
\thm@postskip=\skip63
\thm@headsep=\skip64
\dth@everypar=\toks36
)
(/opt/local/share/texmf-texlive-dist/tex/latex/amsfonts/amssymb.sty
Package: amssymb 2009/06/22 v3.00

(/opt/local/share/texmf-texlive-dist/tex/latex/amsfonts/amsfonts.sty
Package: amsfonts 2009/06/22 v3.00 Basic AMSFonts support
\symAMSa=\mathgroup4
\symAMSb=\mathgroup5
LaTeX Font Info:    Overwriting math alphabet `\mathfrak' in version `bold'
(Font)                  U/euf/m/n --> U/euf/b/n on input line 96.
))
(/opt/local/share/texmf-texlive-dist/tex/latex/slashbox/slashbox.sty
slashbox style by K.Yasuoka, May 1993.
\@slashboxa=\box37
\@slashboxb=\box38
\@slashboxc=\box39
\@slashboxwd=\count130
\@slashboxht=\count131
\@slashsepl=\dimen138
\@slashsepr=\dimen139
) (/opt/local/share/texmf-texlive-dist/tex/latex/rotating/rotating.sty
Package: rotating 2009/03/28 v2.16a rotated objects in LaTeX
\c@r@tfl@t=\count132
\rotFPtop=\skip65
\rotFPbot=\skip66
\rot@float@box=\box40
\rot@mess@toks=\toks37
)

Package Fancyhdr Warning: \fancyhead's `E' option without twoside option is use
less on input line 126.


Package Fancyhdr Warning: \fancyfoot's `E' option without twoside option is use
less on input line 128.

(./Relatorio.aux (./abstract.aux))
\openout1 = `Relatorio.aux'.

LaTeX Font Info:    Checking defaults for OML/cmm/m/it on input line 135.
LaTeX Font Info:    ... okay on input line 135.
LaTeX Font Info:    Checking defaults for T1/cmr/m/n on input line 135.
LaTeX Font Info:    ... okay on input line 135.
LaTeX Font Info:    Checking defaults for OT1/cmr/m/n on input line 135.
LaTeX Font Info:    ... okay on input line 135.
LaTeX Font Info:    Checking defaults for OMS/cmsy/m/n on input line 135.
LaTeX Font Info:    ... okay on input line 135.
LaTeX Font Info:    Checking defaults for OMX/cmex/m/n on input line 135.
LaTeX Font Info:    ... okay on input line 135.
LaTeX Font Info:    Checking defaults for U/cmr/m/n on input line 135.
LaTeX Font Info:    ... okay on input line 135.
LaTeX Font Info:    Checking defaults for PD1/pdf/m/n on input line 135.
LaTeX Font Info:    ... okay on input line 135.

(/opt/local/share/texmf-texlive-dist/tex/context/base/supp-pdf.mkii
[Loading MPS to PDF converter (version 2006.09.02).]
\scratchcounter=\count133
\scratchdimen=\dimen140
\scratchbox=\box41
\nofMPsegments=\count134
\nofMParguments=\count135
\everyMPshowfont=\toks38
\MPscratchCnt=\count136
\MPscratchDim=\dimen141
\MPnumerator=\count137
\everyMPtoPDFconversion=\toks39
)
Package hyperref Info: Link coloring ON on input line 135.
 (/opt/local/share/texmf-texlive-dist/tex/latex/hyperref/nameref.sty
Package: nameref 2007/05/29 v2.31 Cross-referencing by name of section

(/opt/local/share/texmf-texlive-dist/tex/latex/oberdiek/refcount.sty
Package: refcount 2008/08/11 v3.1 Data extraction from references (HO)
)
\c@section@level=\count138
LaTeX Info: Redefining \Ref on input line 396.
)
LaTeX Info: Redefining \ref on input line 135.
LaTeX Info: Redefining \pageref on input line 135.

(./Relatorio.out) (./Relatorio.out)
\@outlinefile=\write4
\openout4 = `Relatorio.out'.

\AtBeginShipoutBox=\box42
LaTeX Info: Redefining \Ref on input line 135.
\c@lstlisting=\count139

*geometry auto-detecting driver*
*geometry detected driver: pdftex*
-------------------- Geometry parameters
paper: a4paper
landscape: --
twocolumn: --
twoside: --
asymmetric: --
h-parts: 85.35826pt, 426.79135pt, 85.35826pt
v-parts: 85.35826pt, 674.33032pt, 85.35826pt
hmarginratio: --
vmarginratio: --
lines: --
heightrounded: --
bindingoffset: 0.0pt
truedimen: --
includehead: --
includefoot: --
includemp: --
driver: pdftex
-------------------- Page layout dimensions and switches
\paperwidth  597.50787pt
\paperheight 845.04684pt
\textwidth  426.79135pt
\textheight 674.33032pt
\oddsidemargin  13.08827pt
\evensidemargin 13.08827pt
\topmargin  -23.91173pt
\headheight 12.0pt
\headsep    25.0pt
\footskip   30.0pt
\marginparwidth 57.0pt
\marginparsep   11.0pt
\columnsep  10.0pt
\skip\footins  9.0pt plus 4.0pt minus 2.0pt
\hoffset 0.0pt
\voffset 0.0pt
\mag 1000

(1in=72.27pt, 1cm=28.45pt)
-----------------------
<Images/DI-UM.png, id=58, 274.02374pt x 101.62968pt>
File: Images/DI-UM.png Graphic file (type png)
 <use Images/DI-UM.png>
LaTeX Font Info:    Try loading font information for U+msa on input line 158.

(/opt/local/share/texmf-texlive-dist/tex/latex/amsfonts/umsa.fd
File: umsa.fd 2009/06/22 v3.00 AMS symbols A
)
LaTeX Font Info:    Try loading font information for U+msb on input line 158.

(/opt/local/share/texmf-texlive-dist/tex/latex/amsfonts/umsb.fd
File: umsb.fd 2009/06/22 v3.00 AMS symbols B
) [1

{/opt/local/var/db/texmf/fonts/map/pdftex/updmap/pdftex.map} <./Images/DI-UM.pn
g>]
\openout2 = `abstract.aux'.


(./abstract.tex
Underfull \hbox (badness 10000) in paragraph at lines 4--8

 []

)pdfTeX warning (ext4): destination with the same identifier (name{page.1}) has
 been already used, duplicate ignored
<to be read again> 
                   \relax 
l.170 \include{abstract}
                         [1


] (./Relatorio.toc)
\tf@toc=\write5
\openout5 = `Relatorio.toc'.

 [2


] (./Relatorio.lof)
\tf@lof=\write6
\openout6 = `Relatorio.lof'.

 [3

]
(./Relatorio.lot)
\tf@lot=\write7
\openout7 = `Relatorio.lot'.

 [4

] (./intro.tex
Cap\'{\i }tulo 1.

Underfull \hbox (badness 10000) in paragraph at lines 2--3

 []


Package hyperref Warning: The anchor of a bookmark and its parent's must not
(hyperref)                be the same. Added a new anchor on input line 7.


Package hyperref Warning: The anchor of a bookmark and its parent's must not
(hyperref)                be the same. Added a new anchor on input line 18.

LaTeX Font Info:    Try loading font information for OMS+cmr on input line 21.
(/opt/local/share/texmf-texlive-dist/tex/latex/base/omscmr.fd
File: omscmr.fd 1999/05/25 v2.5h Standard LaTeX font definitions
)
LaTeX Font Info:    Font shape `OMS/cmr/m/n' in size <10> not available
(Font)              Font shape `OMS/cmsy/m/n' tried instead on input line 21.
pdfTeX warning (ext4): destination with the same identifier (name{page.1}) has 
been already used, duplicate ignored
<to be read again> 
                   \relax 
l.31 
      [1

]

Package hyperref Warning: The anchor of a bookmark and its parent's must not
(hyperref)                be the same. Added a new anchor on input line 34.


Underfull \hbox (badness 10000) in paragraph at lines 43--55

 []


Underfull \hbox (badness 10000) in paragraph at lines 43--55

 []


Underfull \hbox (badness 10000) in paragraph at lines 43--55

 []


Overfull \hbox (6.29623pt too wide) in paragraph at lines 43--55
\T1/cmr/m/n/10 O grupo, que pode ser con-sti-tuído por um ou mais con-cor-rente
s, terá acesso aos con-cur-sos disponíveis,
 []


Underfull \hbox (badness 10000) in paragraph at lines 43--55

 []

pdfTeX warning (ext4): destination with the same identifier (name{page.2}) has 
been already used, duplicate ignored
<to be read again> 
                   \relax 
l.77 
      [2]
Underfull \hbox (badness 10000) in paragraph at lines 87--88

 []


Underfull \hbox (badness 10000) in paragraph at lines 89--90

 []


Underfull \hbox (badness 10000) in paragraph at lines 91--92

 []

)
Underfull \hbox (badness 10000) in paragraph at lines 93--178

 []

pdfTeX warning (ext4): destination with the same identifier (name{page.3}) has 
been already used, duplicate ignored
<to be read again> 
                   \relax 
l.178 \newpage
               [3] (./model.tex
Cap\'{\i }tulo 2.

Package hyperref Warning: The anchor of a bookmark and its parent's must not
(hyperref)                be the same. Added a new anchor on input line 10.


Underfull \hbox (badness 10000) in paragraph at lines 11--15

 []

<Images/EL-PI.png, id=133, 1525.7pt x 1257.69875pt>
File: Images/EL-PI.png Graphic file (type png)
 <use Images/EL-PI.png>
Underfull \hbox (badness 10000) in paragraph at lines 23--25

 []

pdfTeX warning (ext4): destination with the same identifier (name{page.4}) has 
been already used, duplicate ignored
<to be read again> 
                   \relax 
l.25 
      [4

 <./Images/EL-PI.png (PNG copy)>]
Underfull \hbox (badness 10000) in paragraph at lines 26--29

 []


Underfull \hbox (badness 10000) in paragraph at lines 30--35

 []


Underfull \hbox (badness 10000) in paragraph at lines 36--43

 []


Underfull \hbox (badness 10000) in paragraph at lines 46--49

 []


Underfull \hbox (badness 10000) in paragraph at lines 51--55

 []


Underfull \hbox (badness 10000) in paragraph at lines 57--59

 []


Underfull \hbox (badness 10000) in paragraph at lines 60--63

 []


Underfull \hbox (badness 10000) in paragraph at lines 64--68

 []

[5]
Underfull \hbox (badness 10000) in paragraph at lines 72--73

 []


Underfull \hbox (badness 10000) in paragraph at lines 72--73

 []


Underfull \hbox (badness 10000) in paragraph at lines 74--76

 []


Underfull \hbox (badness 10000) in paragraph at lines 77--82

 []


Underfull \hbox (badness 10000) in paragraph at lines 83--85

 []


Underfull \hbox (badness 10000) in paragraph at lines 89--90

 []


Underfull \hbox (badness 10000) in paragraph at lines 89--90

 []


Underfull \hbox (badness 10000) in paragraph at lines 97--98

 []


Underfull \hbox (badness 10000) in paragraph at lines 97--98

 []


Underfull \hbox (badness 10000) in paragraph at lines 105--106

 []


Underfull \hbox (badness 10000) in paragraph at lines 105--106

 []


Underfull \hbox (badness 10000) in paragraph at lines 112--113

 []


Underfull \hbox (badness 10000) in paragraph at lines 112--113

 []

[6]
Underfull \hbox (badness 10000) in paragraph at lines 120--121

 []


Underfull \hbox (badness 10000) in paragraph at lines 120--121

 []


Underfull \hbox (badness 10000) in paragraph at lines 123--125

 []


Underfull \hbox (badness 10000) in paragraph at lines 133--134

 []


Underfull \hbox (badness 10000) in paragraph at lines 133--134

 []


Underfull \hbox (badness 10000) in paragraph at lines 140--141

 []


Underfull \hbox (badness 10000) in paragraph at lines 140--141

 []


Underfull \hbox (badness 10000) in paragraph at lines 147--148

 []


Underfull \hbox (badness 10000) in paragraph at lines 147--148

 []


Underfull \hbox (badness 10000) in paragraph at lines 162--165

 []

[7]
Underfull \hbox (badness 10000) in paragraph at lines 171--172

 []


Underfull \hbox (badness 10000) in paragraph at lines 171--172

 []


Underfull \hbox (badness 10000) in paragraph at lines 178--179

 []


Underfull \hbox (badness 10000) in paragraph at lines 178--179

 []

LaTeX Font Info:    Try loading font information for T1+cmtt on input line 180.

(/opt/local/share/texmf-texlive-dist/tex/latex/base/t1cmtt.fd
File: t1cmtt.fd 1999/05/25 v2.5h Standard LaTeX font definitions
)
LaTeX Font Info:    Font shape `T1/cmtt/bx/n' in size <7> not available
(Font)              Font shape `T1/cmtt/m/n' tried instead on input line 182.

Underfull \hbox (badness 10000) in paragraph at lines 207--208

 []


Underfull \hbox (badness 10000) in paragraph at lines 207--208

 []


Underfull \hbox (badness 10000) in paragraph at lines 211--212

 []


Underfull \hbox (badness 10000) in paragraph at lines 226--230

 []

[8]
Underfull \hbox (badness 10000) in paragraph at lines 231--233

 []

<Images/grupo-docente.jpeg, id=161, 1314.9125pt x 929.4725pt>
File: Images/grupo-docente.jpeg Graphic file (type jpg)

<use Images/grupo-docente.jpeg>
<Images/concurso-enunciado.jpeg, id=162, 1314.9125pt x 929.4725pt>
File: Images/concurso-enunciado.jpeg Graphic file (type jpg)

<use Images/concurso-enunciado.jpeg>
Underfull \hbox (badness 10000) in paragraph at lines 244--265

 []


Underfull \hbox (badness 10000) in paragraph at lines 244--265

 []


Underfull \hbox (badness 10000) in paragraph at lines 268--277

 []


Underfull \hbox (badness 10000) in paragraph at lines 268--277

 []

[9 <./Images/grupo-docente.jpeg>]
Package hyperref Info: bookmark level for unknown lstlisting defaults to 0 on i
nput line 277.
 (./resources/enunciado.xml [10 <./Images/concurso-enunciado.jpeg>])
Underfull \hbox (badness 10000) in paragraph at lines 280--283

 []


Underfull \hbox (badness 10000) in paragraph at lines 280--283

 []

(./resources/tentativa.xml [11])
Underfull \hbox (badness 10000) in paragraph at lines 287--290

 []


Underfull \hbox (badness 10000) in paragraph at lines 291--296

 []


Underfull \hbox (badness 10000) in paragraph at lines 307--309

 []

[12]
Underfull \hbox (badness 10000) in paragraph at lines 345--348

 []

[13]
Underfull \hbox (badness 10000) in paragraph at lines 349--350

 []

<Images/enunciado_schema.jpg, id=190, 708.6475pt x 678.535pt>
File: Images/enunciado_schema.jpg Graphic file (type jpg)

<use Images/enunciado_schema.jpg>
<Images/tentativa_schema.jpg, id=191, 703.62875pt x 658.46pt>
File: Images/tentativa_schema.jpg Graphic file (type jpg)

<use Images/tentativa_schema.jpg>) [14 <./Images/enunciado_schema.jpg (PNG copy
)>] [15 <./Images/tentativa_schema.jpg (PNG copy)>] (./conc.tex
Cap\'{\i }tulo 3.
)
Underfull \hbox (badness 10000) in paragraph at lines 2--182

 []


Underfull \hbox (badness 10000) in paragraph at lines 2--182

 []

[16

]
No file Relatorio.bbl.
AED: lastpage setting LastPage (./Relatorio.aux (./abstract.aux)) ) 
Here is how much of TeX's memory you used:
 9684 strings out of 495061
 132476 string characters out of 3181965
 369353 words of memory out of 3000000
 12558 multiletter control sequences out of 15000+200000
 23417 words of font info for 55 fonts, out of 3000000 for 9000
 28 hyphenation exceptions out of 8191
 38i,12n,43p,322b,1802s stack positions out of 5000i,500n,10000p,200000b,50000s
{/opt/local/
share/texmf-texlive-dist/fonts/enc/dvips/cm-super/cm-super-t1.enc}</opt/local/s
hare/texmf-texlive-dist/fonts/type1/public/amsfonts/cm/cmmi10.pfb></opt/local/s
hare/texmf-texlive-dist/fonts/type1/public/amsfonts/cm/cmr10.pfb></opt/local/sh
are/texmf-texlive-dist/fonts/type1/public/amsfonts/cm/cmsy10.pfb></opt/local/sh
are/texmf-texlive-dist/fonts/type1/public/amsfonts/cm/cmsy7.pfb></opt/local/sha
re/texmf-texlive-dist/fonts/type1/public/amsfonts/cm/cmsy9.pfb></opt/local/shar
e/texmf-texlive-dist/fonts/type1/public/cm-super/sfbi0700.pfb></opt/local/share
/texmf-texlive-dist/fonts/type1/public/cm-super/sfbi1000.pfb></opt/local/share/
texmf-texlive-dist/fonts/type1/public/cm-super/sfbi1728.pfb></opt/local/share/t
exmf-texlive-dist/fonts/type1/public/cm-super/sfbx1000.pfb></opt/local/share/te
xmf-texlive-dist/fonts/type1/public/cm-super/sfbx1200.pfb></opt/local/share/tex
mf-texlive-dist/fonts/type1/public/cm-super/sfbx1440.pfb></opt/local/share/texm
f-texlive-dist/fonts/type1/public/cm-super/sfbx1728.pfb></opt/local/share/texmf
-texlive-dist/fonts/type1/public/cm-super/sfbx2074.pfb></opt/local/share/texmf-
texlive-dist/fonts/type1/public/cm-super/sfbx2488.pfb></opt/local/share/texmf-t
exlive-dist/fonts/type1/public/cm-super/sfrm0500.pfb></opt/local/share/texmf-te
xlive-dist/fonts/type1/public/cm-super/sfrm0900.pfb></opt/local/share/texmf-tex
live-dist/fonts/type1/public/cm-super/sfrm1000.pfb></opt/local/share/texmf-texl
ive-dist/fonts/type1/public/cm-super/sfti1000.pfb></opt/local/share/texmf-texli
ve-dist/fonts/type1/public/cm-super/sftt0800.pfb>
Output written on Relatorio.pdf (21 pages, 1353420 bytes).
PDF statistics:
 278 PDF objects out of 1000 (max. 8388607)
 43 named destinations out of 1000 (max. 500000)
 151 words of extra memory for PDF output out of 10000 (max. 10000000)

