\BOOKMARK [0][-]{chapter*.1}{Resumo}{}
\BOOKMARK [0][-]{chapter*.2}{\315ndice}{}
\BOOKMARK [1][-]{chapter*.3}{\315ndice de Figuras}{chapter*.2}
\BOOKMARK [1][-]{chapter*.4}{\315ndice de Tabelas}{chapter*.2}
\BOOKMARK [0][-]{chapter*.4}{Introdu\347\343o}{}
\BOOKMARK [1][-]{section*.5}{Motiva\347\343o}{chapter*.4}
\BOOKMARK [1][-]{section*.5}{Objectivos}{chapter*.4}
\BOOKMARK [2][-]{section*.6}{Ferramentas}{section*.5}
\BOOKMARK [1][-]{section*.6}{Descri\347\343o do Sistema}{chapter*.4}
\BOOKMARK [2][-]{section*.7}{Utilizadores}{section*.6}
\BOOKMARK [2][-]{section*.7}{Funcionalidades do sistema}{section*.6}
\BOOKMARK [1][-]{section*.12}{Estrutura do Relat\363rio}{chapter*.4}
\BOOKMARK [-1][-]{section*.12}{I Milestone I}{}
\BOOKMARK [0][-]{section*.13}{Modela\347\343o do Problema}{section*.12}
\BOOKMARK [1][-]{section*.13}{Modela\347\343o Informal}{section*.12}
\BOOKMARK [1][-]{figure.2.1}{Modela\347\343o Formal}{section*.12}
\BOOKMARK [1][-]{lstlisting.2.-2}{Modelo de Dados}{section*.12}
\BOOKMARK [1][-]{figure.2.3}{Importa\347\343o de dados}{section*.12}
\BOOKMARK [-1][-]{figure.2.5}{II Milestone II}{}
\BOOKMARK [0][-]{section*.15}{Web Application}{figure.2.5}
\BOOKMARK [1][-]{section*.15}{Cria\347\343o de grupos, docentes e concorrenctes}{figure.2.5}
\BOOKMARK [1][-]{figure.3.3}{Linguagens de programa\347\343o}{figure.2.5}
\BOOKMARK [1][-]{figure.3.4}{Submiss\343o de programas}{figure.2.5}
\BOOKMARK [1][-]{figure.3.5}{Compila\347\343o}{figure.2.5}
\BOOKMARK [1][-]{figure.3.5}{Execu\347\343o}{figure.2.5}
\BOOKMARK [1][-]{lstlisting.3.-8}{Guardar resultados}{figure.2.5}
\BOOKMARK [0][-]{figure.3.6}{M\351tricas}{figure.2.5}
\BOOKMARK [1][-]{section*.16}{An\341lise Est\341tica}{figure.3.6}
\BOOKMARK [1][-]{section*.22}{An\341lise Din\342mica}{figure.3.6}
\BOOKMARK [1][-]{section*.28}{M\351tricas de qualidade de software}{figure.3.6}
\BOOKMARK [2][-]{section*.29}{Bug patterns}{section*.28}
\BOOKMARK [2][-]{lstlisting.4.-10}{Source Lines of code \(SLOC\)}{section*.28}
\BOOKMARK [2][-]{lstlisting.4.-11}{M\351tricas de Seguran\347a}{section*.28}
\BOOKMARK [2][-]{lstlisting.4.-11}{Cyclomatic complexity}{section*.28}
\BOOKMARK [0][-]{table.4.1}{Interface pelo terminal}{figure.2.5}
\BOOKMARK [1][-]{section*.30}{Perl}{table.4.1}
\BOOKMARK [1][-]{section*.30}{Menus e exemplos}{table.4.1}
\BOOKMARK [0][-]{figure.5.3}{Scripts de avalia\347\343o}{figure.2.5}
\BOOKMARK [1][-]{section*.31}{Gera\347\343o de imagens}{figure.5.3}
\BOOKMARK [1][-]{figure.6.4}{Makefile}{figure.5.3}
\BOOKMARK [1][-]{figure.6.4}{Cloning}{figure.5.3}
\BOOKMARK [0][-]{figure.6.4}{Front-end}{figure.2.5}
\BOOKMARK [1][-]{section*.32}{Estudo do Front-End}{figure.6.4}
\BOOKMARK [0][-]{lstlisting.7.-19}{Conclus\343o e Trabalho Futuro}{figure.2.5}
\BOOKMARK [0][-]{lstlisting.7.-19}{Bibliografia}{figure.2.5}
\BOOKMARK [0][-]{chapter*.33}{AST da Linguagem C99}{figure.2.5}
\BOOKMARK [1][-]{section*.34}{Gram\341tica Lexica}{chapter*.33}
\BOOKMARK [2][-]{section*.34}{Elementos Lexicos}{chapter*.33}
\BOOKMARK [2][-]{lstlisting.A.-20}{Keywords}{chapter*.33}
\BOOKMARK [2][-]{lstlisting.A.-21}{Identificadores}{chapter*.33}
\BOOKMARK [2][-]{lstlisting.A.-22}{Universal character names}{chapter*.33}
\BOOKMARK [2][-]{lstlisting.A.-23}{Constantes}{chapter*.33}
\BOOKMARK [2][-]{lstlisting.A.-24}{String literals}{chapter*.33}
\BOOKMARK [2][-]{lstlisting.A.-25}{Header names}{chapter*.33}
\BOOKMARK [1][-]{lstlisting.A.-26}{Phrase structure grammar}{chapter*.33}
\BOOKMARK [2][-]{section*.35}{Expressions}{lstlisting.A.-26}
\BOOKMARK [2][-]{lstlisting.A.-27}{Declarations}{lstlisting.A.-26}
\BOOKMARK [2][-]{lstlisting.A.-28}{Statements}{lstlisting.A.-26}
\BOOKMARK [2][-]{lstlisting.A.-29}{External definitions}{lstlisting.A.-26}
\BOOKMARK [1][-]{lstlisting.A.-30}{Preprocessing directives}{chapter*.33}
